<?xml version="1.0" encoding="UTF-8"?>
<!-- Generated by org.testng.reporters.JUnitReportReporter -->
<testsuite hostname="DESKTOP-DS40RAL" failures="0" tests="1" name="InsuranceCalculator_Motorcycle.EndToEndTest" time="19.524" errors="0" timestamp="2023-04-15T18:05:29 IST" skipped="0">
  <testcase classname="InsuranceCalculator_Motorcycle.EndToEndTest" name="InsuranceMotorcycle" time="19.524"/>
  <system-out/>
</testsuite> <!-- InsuranceCalculator_Motorcycle.EndToEndTest -->
