<?xml version="1.0" encoding="UTF-8"?>
<!-- Generated by org.testng.reporters.JUnitReportReporter -->
<testsuite hostname="DESKTOP-DS40RAL" failures="0" tests="3" name="InsuranceCalculator_Motorcycle.EndToEndTest" time="154.517" errors="0" timestamp="2023-04-17T00:58:48 IST" skipped="0">
  <testcase classname="InsuranceCalculator_Motorcycle.EndToEndTest" name="InsuranceMotorcycle" time="56.136"/>
  <system-out/>
  <testcase classname="InsuranceCalculator_Motorcycle.EndToEndTest" name="InsuranceMotorcycle" time="43.503"/>
  <system-out/>
  <testcase classname="InsuranceCalculator_Motorcycle.EndToEndTest" name="InsuranceMotorcycle" time="54.878"/>
  <system-out/>
</testsuite> <!-- InsuranceCalculator_Motorcycle.EndToEndTest -->
