<?xml version="1.0" encoding="UTF-8"?>
<!-- Generated by org.testng.reporters.JUnitReportReporter -->
<testsuite hostname="DESKTOP-DS40RAL" failures="0" tests="1" name="InsuranceCalculator_Motorcycle.ErrorHandlingCylinderCapacity_001" time="16.926" errors="0" timestamp="2023-04-08T16:40:14 IST" skipped="0">
  <testcase classname="InsuranceCalculator_Motorcycle.ErrorHandlingCylinderCapacity_001" name="errorHandlingCylCap" time="16.926"/>
  <system-out/>
</testsuite> <!-- InsuranceCalculator_Motorcycle.ErrorHandlingCylinderCapacity_001 -->
