<?xml version="1.0" encoding="UTF-8"?>
<!-- Generated by org.testng.reporters.JUnitReportReporter -->
<testsuite hostname="DESKTOP-DS40RAL" failures="0" tests="2" name="InsuranceCalculator_Motorcycle.ErrorHandlingCylinderCapacity_001" time="14.656" errors="0" timestamp="2023-04-16T17:37:10 IST" skipped="1">
  <testcase classname="InsuranceCalculator_Motorcycle.ErrorHandlingCylinderCapacity_001" name="verifyModelOptionDropdown" time="14.656"/>
  <system-out/>
  <testcase classname="InsuranceCalculator_Motorcycle.ErrorHandlingCylinderCapacity_001" name="errorHandlingCylCap">
    <skipped/>
  </testcase> <!-- errorHandlingCylCap -->
  <system-out/>
</testsuite> <!-- InsuranceCalculator_Motorcycle.ErrorHandlingCylinderCapacity_001 -->
