<?xml version="1.0" encoding="UTF-8"?>
<!-- Generated by org.testng.reporters.JUnitReportReporter -->
<testsuite hostname="DESKTOP-DS40RAL" failures="0" tests="1" name="InsuranceCalculator_Motorcycle.ErrorHandlingCylinderCapacity_001" time="25.056" errors="0" timestamp="2023-04-08T18:46:12 IST" skipped="0">
  <testcase classname="InsuranceCalculator_Motorcycle.ErrorHandlingCylinderCapacity_001" name="errorHandlingCylCap" time="25.056"/>
  <system-out/>
</testsuite> <!-- InsuranceCalculator_Motorcycle.ErrorHandlingCylinderCapacity_001 -->
